# ./configure --target=x86-win32-vs12
Configuring selected codecs
  enabling vp8_encoder
  enabling vp8_decoder
  enabling vp9_encoder
  enabling vp9_decoder
Configuring for target 'x86-win32-vs12'
  enabling x86
check_cpp
BEGIN /tmp/vpx-conf-2300-32014.c
     1	#if !defined(__ILP32__) || !defined(__x86_64__)
     2	#error "not x32"
     3	#endif
END /tmp/vpx-conf-2300-32014.c
-o /tmp/vpx-conf-2300-32014.o /tmp/vpx-conf-2300-32014.c
./build/make/configure.sh: line 268: -E: command not found
  enabling runtime_cpu_detect
  enabling mmx
  enabling sse
  enabling sse2
  enabling sse3
  enabling ssse3
  enabling sse4_1
  enabling avx
  enabling avx2
  using msvs
check_cxxflags -DNDEBUG
check_cxx -Werror -DNDEBUG
BEGIN /tmp/vpx-conf-2300-32014.cc
     1	int x;
END /tmp/vpx-conf-2300-32014.cc
-Werror -DNDEBUG -c -o /tmp/vpx-conf-2300-32014.o /tmp/vpx-conf-2300-32014.cc
./build/make/configure.sh: line 268: -Werror: command not found
check_cflags -DNDEBUG
check_cc -Werror -DNDEBUG
BEGIN /tmp/vpx-conf-2300-32014.c
     1	int x;
END /tmp/vpx-conf-2300-32014.c
-Werror -DNDEBUG -c -o /tmp/vpx-conf-2300-32014.o /tmp/vpx-conf-2300-32014.c
./build/make/configure.sh: line 268: -Werror: command not found
check_cxxflags -O3
check_cxx -Werror -O3
BEGIN /tmp/vpx-conf-2300-32014.cc
     1	int x;
END /tmp/vpx-conf-2300-32014.cc
-Werror -O3 -c -o /tmp/vpx-conf-2300-32014.o /tmp/vpx-conf-2300-32014.cc
./build/make/configure.sh: line 268: -Werror: command not found
check_cflags -O3
check_cc -Werror -O3
BEGIN /tmp/vpx-conf-2300-32014.c
     1	int x;
END /tmp/vpx-conf-2300-32014.c
-Werror -O3 -c -o /tmp/vpx-conf-2300-32014.o /tmp/vpx-conf-2300-32014.c
./build/make/configure.sh: line 268: -Werror: command not found
  enabling use_x86inc
check_cc
BEGIN /tmp/vpx-conf-2300-32014.c
     1	unsigned int e = 'O'<<24 | '2'<<16 | 'B'<<8 | 'E';
END /tmp/vpx-conf-2300-32014.c
-c -o /tmp/vpx-conf-2300-32014.o /tmp/vpx-conf-2300-32014.c
./build/make/configure.sh: line 268: -c: command not found
check_cc
BEGIN /tmp/vpx-conf-2300-32014.c
     1	static inline function() {}
END /tmp/vpx-conf-2300-32014.c
-c -o /tmp/vpx-conf-2300-32014.o /tmp/vpx-conf-2300-32014.c
./build/make/configure.sh: line 268: -c: command not found
  disabling ccache
  enabling postproc
  enabling unit_tests
  enabling webm_io
  enabling libyuv
fake_check_header stdio.h
fake_check_header stdint.h
fake_check_header pthread.h
fake_check_header sys/mman.h
fake_check_header unistd.h
fake_check_header vpx/vpx_integer.h -I/e/huydna/libvpx
