Build started 08/26/2015 9:15:10 AM.
     1>Project "E:\backup_linphone\voxypad_base64_remove_voxencrypt\voxypad_20143110\libvpx\vpx.vcxproj" on node 2 (Build target(s)).
     1>Lib:
         C:\Program Files (x86)\Microsoft Visual Studio 12.0\VC\bin\Lib.exe /OUT:"E:\backup_linphone\voxypad_base64_remove_voxencrypt\voxypad_20143110\VoxypadStreamming(20143110)\Win32\Debug\vpxmtd.lib" /NOLOGO Win32\Debug\vpx\vpx_ports_emms_asm.obj
         Win32\Debug\vpx\vpx_dsp_x86_intrapred_sse2_asm.obj
         Win32\Debug\vpx\vpx_dsp_x86_intrapred_ssse3_asm.obj
         Win32\Debug\vpx\vpx_dsp_x86_vpx_subpixel_8t_sse2_asm.obj
         Win32\Debug\vpx\vpx_dsp_x86_vpx_subpixel_bilinear_sse2_asm.obj
         Win32\Debug\vpx\vpx_dsp_x86_vpx_subpixel_8t_ssse3_asm.obj
         Win32\Debug\vpx\vpx_dsp_x86_vpx_subpixel_bilinear_ssse3_asm.obj
         Win32\Debug\vpx\vpx_dsp_x86_vpx_convolve_copy_sse2_asm.obj
         Win32\Debug\vpx\vpx_dsp_x86_loopfilter_mmx_asm.obj
         Win32\Debug\vpx\vpx_dsp_x86_inv_wht_sse2_asm.obj
         Win32\Debug\vpx\vpx_dsp_x86_sad_mmx_asm.obj
         Win32\Debug\vpx\vpx_dsp_x86_sad_sse3_asm.obj
         Win32\Debug\vpx\vpx_dsp_x86_sad_ssse3_asm.obj
         Win32\Debug\vpx\vpx_dsp_x86_sad_sse4_asm.obj
         Win32\Debug\vpx\vpx_dsp_x86_sad4d_sse2_asm.obj
         Win32\Debug\vpx\vpx_dsp_x86_sad_sse2_asm.obj
         Win32\Debug\vpx\vpx_dsp_x86_subtract_sse2_asm.obj
         Win32\Debug\vpx\vpx_dsp_x86_variance_impl_mmx_asm.obj
         Win32\Debug\vpx\vpx_dsp_x86_subpel_variance_sse2_asm.obj
         Win32\Debug\vpx\vp8_common_x86_dequantize_mmx_asm.obj
         Win32\Debug\vpx\vp8_common_x86_idctllm_mmx_asm.obj
         Win32\Debug\vpx\vp8_common_x86_iwalsh_mmx_asm.obj
         Win32\Debug\vpx\vp8_common_x86_vp8_loopfilter_mmx_asm.obj
         Win32\Debug\vpx\vp8_common_x86_recon_mmx_asm.obj
         Win32\Debug\vpx\vp8_common_x86_subpixel_mmx_asm.obj
         Win32\Debug\vpx\vp8_common_x86_copy_sse2_asm.obj
         Win32\Debug\vpx\vp8_common_x86_idctllm_sse2_asm.obj
         Win32\Debug\vpx\vp8_common_x86_recon_sse2_asm.obj
         Win32\Debug\vpx\vp8_common_x86_subpixel_sse2_asm.obj
         Win32\Debug\vpx\vp8_common_x86_loopfilter_sse2_asm.obj
         Win32\Debug\vpx\vp8_common_x86_iwalsh_sse2_asm.obj
         Win32\Debug\vpx\vp8_common_x86_copy_sse3_asm.obj
         Win32\Debug\vpx\vp8_common_x86_subpixel_ssse3_asm.obj
         Win32\Debug\vpx\vp8_common_x86_postproc_mmx_asm.obj
         Win32\Debug\vpx\vp8_common_x86_mfqe_sse2_asm.obj
         Win32\Debug\vpx\vp8_common_x86_postproc_sse2_asm.obj
         Win32\Debug\vpx\vp8_encoder_x86_dct_mmx_asm.obj
         Win32\Debug\vpx\vp8_encoder_x86_dct_sse2_asm.obj
         Win32\Debug\vpx\vp8_encoder_x86_fwalsh_sse2_asm.obj
         Win32\Debug\vpx\vp8_encoder_x86_temporal_filter_apply_sse2_asm.obj
         Win32\Debug\vpx\vp8_encoder_x86_quantize_mmx_asm.obj
         Win32\Debug\vpx\vp8_encoder_x86_encodeopt_asm.obj
         Win32\Debug\vpx\vp9_encoder_x86_vp9_temporal_filter_apply_sse2_asm.obj
         Win32\Debug\vpx\vp9_encoder_x86_vp9_dct_mmx_asm.obj
         Win32\Debug\vpx\vp9_encoder_x86_vp9_error_sse2_asm.obj
         Win32\Debug\vpx\vpx_src_vpx_decoder.obj
         Win32\Debug\vpx\vpx_src_vpx_encoder.obj
         Win32\Debug\vpx\vpx_src_vpx_codec.obj
         Win32\Debug\vpx\vpx_src_vpx_image.obj
         Win32\Debug\vpx\vpx_src_vpx_psnr.obj
         Win32\Debug\vpx\vpx_mem_vpx_mem.obj
         Win32\Debug\vpx\vpx_scale_generic_vpx_scale.obj
         Win32\Debug\vpx\vpx_scale_generic_yv12config.obj
         Win32\Debug\vpx\vpx_scale_generic_yv12extend.obj
         Win32\Debug\vpx\vpx_scale_generic_gen_scalers.obj
         Win32\Debug\vpx\vpx_scale_vpx_scale_rtcd.obj
         Win32\Debug\vpx\vpx_dsp_prob.obj
         Win32\Debug\vpx\vpx_dsp_bitwriter.obj
         Win32\Debug\vpx\vpx_dsp_bitwriter_buffer.obj
         Win32\Debug\vpx\vpx_dsp_bitreader.obj
         Win32\Debug\vpx\vpx_dsp_bitreader_buffer.obj
         Win32\Debug\vpx\vpx_dsp_intrapred.obj
         Win32\Debug\vpx\vpx_dsp_vpx_convolve.obj
         Win32\Debug\vpx\vpx_dsp_x86_vpx_asm_stubs.obj
         Win32\Debug\vpx\vpx_dsp_x86_vpx_subpixel_8t_intrin_avx2.obj
         Win32\Debug\vpx\vpx_dsp_x86_vpx_subpixel_8t_intrin_ssse3.obj
         Win32\Debug\vpx\vpx_dsp_loopfilter.obj
         Win32\Debug\vpx\vpx_dsp_x86_loopfilter_sse2.obj
         Win32\Debug\vpx\vpx_dsp_x86_loopfilter_avx2.obj
         Win32\Debug\vpx\vpx_dsp_fwd_txfm.obj
         Win32\Debug\vpx\vpx_dsp_x86_fwd_txfm_sse2.obj
         Win32\Debug\vpx\vpx_dsp_x86_fwd_txfm_avx2.obj
         Win32\Debug\vpx\vpx_dsp_inv_txfm.obj
         Win32\Debug\vpx\vpx_dsp_x86_inv_txfm_sse2.obj
         Win32\Debug\vpx\vpx_dsp_quantize.obj
         Win32\Debug\vpx\vpx_dsp_x86_quantize_sse2.obj
         Win32\Debug\vpx\vpx_dsp_sad.obj
         Win32\Debug\vpx\vpx_dsp_subtract.obj
         Win32\Debug\vpx\vpx_dsp_x86_sad4d_avx2.obj
         Win32\Debug\vpx\vpx_dsp_x86_sad_avx2.obj
         Win32\Debug\vpx\vpx_dsp_variance.obj
         Win32\Debug\vpx\vpx_dsp_x86_variance_mmx.obj
         Win32\Debug\vpx\vpx_dsp_x86_variance_sse2.obj
         Win32\Debug\vpx\vpx_dsp_x86_variance_avx2.obj
         Win32\Debug\vpx\vpx_dsp_x86_variance_impl_avx2.obj
         Win32\Debug\vpx\vpx_dsp_vpx_dsp_rtcd.obj
         Win32\Debug\vpx\vpx_util_vpx_thread.obj
         Win32\Debug\vpx\vp8_common_alloccommon.obj
         Win32\Debug\vpx\vp8_common_blockd.obj
         Win32\Debug\vpx\vp8_common_copy_c.obj
         Win32\Debug\vpx\vp8_common_debugmodes.obj
         Win32\Debug\vpx\vp8_common_dequantize.obj
         Win32\Debug\vpx\vp8_common_entropy.obj
         Win32\Debug\vpx\vp8_common_entropymode.obj
         Win32\Debug\vpx\vp8_common_entropymv.obj
         Win32\Debug\vpx\vp8_common_extend.obj
         Win32\Debug\vpx\vp8_common_filter.obj
         Win32\Debug\vpx\vp8_common_findnearmv.obj
         Win32\Debug\vpx\vp8_common_generic_systemdependent.obj
         Win32\Debug\vpx\vp8_common_idct_blk.obj
         Win32\Debug\vpx\vp8_common_idctllm.obj
         Win32\Debug\vpx\vp8_common_rtcd.obj
         Win32\Debug\vpx\vp8_common_vp8_loopfilter.obj
         Win32\Debug\vpx\vp8_common_loopfilter_filters.obj
         Win32\Debug\vpx\vp8_common_mbpitch.obj
         Win32\Debug\vpx\vp8_common_modecont.obj
         Win32\Debug\vpx\vp8_common_quant_common.obj
         Win32\Debug\vpx\vp8_common_reconinter.obj
         Win32\Debug\vpx\vp8_common_reconintra.obj
         Win32\Debug\vpx\vp8_common_reconintra4x4.obj
         Win32\Debug\vpx\vp8_common_setupintrarecon.obj
         Win32\Debug\vpx\vp8_common_swapyv12buffer.obj
         Win32\Debug\vpx\vp8_common_treecoder.obj
         Win32\Debug\vpx\vp8_common_x86_filter_x86.obj
         Win32\Debug\vpx\vp8_common_x86_vp8_asm_stubs.obj
         Win32\Debug\vpx\vp8_common_x86_loopfilter_x86.obj
         Win32\Debug\vpx\vp8_common_mfqe.obj
         Win32\Debug\vpx\vp8_common_postproc.obj
         Win32\Debug\vpx\vp8_common_x86_idct_blk_mmx.obj
         Win32\Debug\vpx\vp8_common_x86_idct_blk_sse2.obj
         Win32\Debug\vpx\vp8_common_x86_recon_wrapper_sse2.obj
         Win32\Debug\vpx\vp8_vp8_cx_iface.obj
         Win32\Debug\vpx\vp8_encoder_bitstream.obj
         Win32\Debug\vpx\vp8_encoder_boolhuff.obj
         Win32\Debug\vpx\vp8_encoder_dct.obj
         Win32\Debug\vpx\vp8_encoder_encodeframe.obj
         Win32\Debug\vpx\vp8_encoder_encodeintra.obj
         Win32\Debug\vpx\vp8_encoder_encodemb.obj
         Win32\Debug\vpx\vp8_encoder_encodemv.obj
         Win32\Debug\vpx\vp8_encoder_ethreading.obj
         Win32\Debug\vpx\vp8_encoder_firstpass.obj
         Win32\Debug\vpx\vp8_encoder_denoising.obj
         Win32\Debug\vpx\vp8_encoder_lookahead.obj
         Win32\Debug\vpx\vp8_encoder_mcomp.obj
         Win32\Debug\vpx\vp8_encoder_modecosts.obj
         Win32\Debug\vpx\vp8_encoder_onyx_if.obj
         Win32\Debug\vpx\vp8_encoder_pickinter.obj
         Win32\Debug\vpx\vp8_encoder_picklpf.obj
         Win32\Debug\vpx\vp8_encoder_vp8_quantize.obj
         Win32\Debug\vpx\vp8_encoder_ratectrl.obj
         Win32\Debug\vpx\vp8_encoder_rdopt.obj
         Win32\Debug\vpx\vp8_encoder_segmentation.obj
         Win32\Debug\vpx\vp8_encoder_tokenize.obj
         Win32\Debug\vpx\vp8_encoder_treewriter.obj
         Win32\Debug\vpx\vp8_encoder_temporal_filter.obj
         Win32\Debug\vpx\vp8_encoder_x86_vp8_enc_stubs_mmx.obj
         Win32\Debug\vpx\vp8_encoder_x86_vp8_quantize_sse2.obj
         Win32\Debug\vpx\vp8_encoder_x86_quantize_ssse3.obj
         Win32\Debug\vpx\vp8_encoder_x86_quantize_sse4.obj
         Win32\Debug\vpx\vp8_encoder_x86_denoising_sse2.obj
         Win32\Debug\vpx\vp8_encoder_x86_vp8_enc_stubs_sse2.obj
         Win32\Debug\vpx\vp8_vp8_dx_iface.obj
         Win32\Debug\vpx\vp8_decoder_dboolhuff.obj
         Win32\Debug\vpx\vp8_decoder_decodemv.obj
         Win32\Debug\vpx\vp8_decoder_decodeframe.obj
         Win32\Debug\vpx\vp8_decoder_detokenize.obj
         Win32\Debug\vpx\vp8_decoder_onyxd_if.obj
         Win32\Debug\vpx\vp8_decoder_threading.obj
         Win32\Debug\vpx\vp9_common_vp9_alloccommon.obj
         Win32\Debug\vpx\vp9_common_vp9_blockd.obj
         Win32\Debug\vpx\vp9_common_vp9_debugmodes.obj
         Win32\Debug\vpx\vp9_common_vp9_entropy.obj
         Win32\Debug\vpx\vp9_common_vp9_entropymode.obj
         Win32\Debug\vpx\vp9_common_vp9_entropymv.obj
         Win32\Debug\vpx\vp9_common_vp9_frame_buffers.obj
         Win32\Debug\vpx\vp9_common_vp9_idct.obj
         Win32\Debug\vpx\vp9_common_vp9_filter.obj
         Win32\Debug\vpx\vp9_common_vp9_pred_common.obj
         Win32\Debug\vpx\vp9_common_vp9_rtcd.obj
         Win32\Debug\vpx\vp9_common_vp9_scale.obj
         Win32\Debug\vpx\vp9_common_vp9_seg_common.obj
         Win32\Debug\vpx\vp9_common_vp9_tile_common.obj
         Win32\Debug\vpx\vp9_common_vp9_loopfilter.obj
         Win32\Debug\vpx\vp9_common_vp9_thread_common.obj
         Win32\Debug\vpx\vp9_common_vp9_mvref_common.obj
         Win32\Debug\vpx\vp9_common_vp9_quant_common.obj
         Win32\Debug\vpx\vp9_common_vp9_reconinter.obj
         Win32\Debug\vpx\vp9_common_vp9_reconintra.obj
         Win32\Debug\vpx\vp9_common_vp9_common_data.obj
         Win32\Debug\vpx\vp9_common_vp9_scan.obj
         Win32\Debug\vpx\vp9_common_x86_vp9_idct_intrin_sse2.obj
         Win32\Debug\vpx\vp9_vp9_cx_iface.obj
         Win32\Debug\vpx\vp9_encoder_vp9_avg.obj
         Win32\Debug\vpx\vp9_encoder_vp9_bitstream.obj
         Win32\Debug\vpx\vp9_encoder_vp9_context_tree.obj
         Win32\Debug\vpx\vp9_encoder_vp9_cost.obj
         Win32\Debug\vpx\vp9_encoder_vp9_dct.obj
         Win32\Debug\vpx\vp9_encoder_vp9_encodeframe.obj
         Win32\Debug\vpx\vp9_encoder_vp9_encodemb.obj
         Win32\Debug\vpx\vp9_encoder_vp9_encodemv.obj
         Win32\Debug\vpx\vp9_encoder_vp9_ethread.obj
         Win32\Debug\vpx\vp9_encoder_vp9_extend.obj
         Win32\Debug\vpx\vp9_encoder_vp9_firstpass.obj
         Win32\Debug\vpx\vp9_encoder_vp9_lookahead.obj
         Win32\Debug\vpx\vp9_encoder_vp9_mcomp.obj
         Win32\Debug\vpx\vp9_encoder_vp9_encoder.obj
         Win32\Debug\vpx\vp9_encoder_vp9_picklpf.obj
         Win32\Debug\vpx\vp9_encoder_vp9_quantize.obj
         Win32\Debug\vpx\vp9_encoder_vp9_ratectrl.obj
         Win32\Debug\vpx\vp9_encoder_vp9_rd.obj
         Win32\Debug\vpx\vp9_encoder_vp9_rdopt.obj
         Win32\Debug\vpx\vp9_encoder_vp9_pickmode.obj
         Win32\Debug\vpx\vp9_encoder_vp9_segmentation.obj
         Win32\Debug\vpx\vp9_encoder_vp9_speed_features.obj
         Win32\Debug\vpx\vp9_encoder_vp9_subexp.obj
         Win32\Debug\vpx\vp9_encoder_vp9_svc_layercontext.obj
         Win32\Debug\vpx\vp9_encoder_vp9_resize.obj
         Win32\Debug\vpx\vp9_encoder_vp9_tokenize.obj
         Win32\Debug\vpx\vp9_encoder_vp9_treewriter.obj
         Win32\Debug\vpx\vp9_encoder_vp9_aq_variance.obj
         Win32\Debug\vpx\vp9_encoder_vp9_aq_cyclicrefresh.obj
         Win32\Debug\vpx\vp9_encoder_vp9_aq_complexity.obj
         Win32\Debug\vpx\vp9_encoder_vp9_skin_detection.obj
         Win32\Debug\vpx\vp9_encoder_vp9_temporal_filter.obj
         Win32\Debug\vpx\vp9_encoder_vp9_mbgraph.obj
         Win32\Debug\vpx\vp9_encoder_x86_vp9_avg_intrin_sse2.obj
         Win32\Debug\vpx\vp9_encoder_x86_vp9_quantize_sse2.obj
         Win32\Debug\vpx\vp9_encoder_x86_vp9_dct_sse2.obj
         Win32\Debug\vpx\vp9_encoder_x86_vp9_dct_ssse3.obj
         Win32\Debug\vpx\vp9_encoder_x86_vp9_error_intrin_avx2.obj
         Win32\Debug\vpx\vp9_vp9_dx_iface.obj
         Win32\Debug\vpx\vp9_decoder_vp9_decodemv.obj
         Win32\Debug\vpx\vp9_decoder_vp9_decodeframe.obj
         Win32\Debug\vpx\vp9_decoder_vp9_detokenize.obj
         Win32\Debug\vpx\vp9_decoder_vp9_dthread.obj
         Win32\Debug\vpx\vp9_decoder_vp9_decoder.obj
         Win32\Debug\vpx\vp9_decoder_vp9_dsubexp.obj
         Win32\Debug\vpx\vpx_config.obj
         vpx.vcxproj -> E:\backup_linphone\voxypad_base64_remove_voxencrypt\voxypad_20143110\VoxypadStreamming(20143110)\Win32\Debug\vpxmtd.lib
     1>Done Building Project "E:\backup_linphone\voxypad_base64_remove_voxencrypt\voxypad_20143110\libvpx\vpx.vcxproj" (Build target(s)).

Build succeeded.

Time Elapsed 00:00:00.75
