e:\huydna\libvpx\win32\debug\vpx\vc120.pdb
e:\huydna\libvpx\win32\debug\vpx\vpx_src_vpx_decoder.obj
e:\huydna\libvpx\win32\debug\vpx\vpx_src_vpx_encoder.obj
e:\huydna\libvpx\win32\debug\vpx\vpx_src_vpx_codec.obj
e:\huydna\libvpx\win32\debug\vpx\vpx_src_vpx_image.obj
e:\huydna\libvpx\win32\debug\vpx\vpx_src_vpx_psnr.obj
e:\huydna\libvpx\win32\debug\vpx\vpx_mem_vpx_mem.obj
e:\huydna\libvpx\win32\debug\vpx\vpx_scale_generic_vpx_scale.obj
e:\huydna\libvpx\win32\debug\vpx\vpx_scale_generic_yv12config.obj
e:\huydna\libvpx\win32\debug\vpx\vpx_scale_generic_yv12extend.obj
e:\huydna\libvpx\win32\debug\vpx\vpx_scale_generic_gen_scalers.obj
e:\huydna\libvpx\win32\debug\vpx\vpx_scale_vpx_scale_rtcd.obj
e:\huydna\libvpx\win32\debug\vpx\vpx_dsp_prob.obj
e:\huydna\libvpx\win32\debug\vpx\vpx_dsp_bitwriter.obj
e:\huydna\libvpx\win32\debug\vpx\vpx_dsp_bitwriter_buffer.obj
e:\huydna\libvpx\win32\debug\vpx\vpx_dsp_bitreader.obj
e:\huydna\libvpx\win32\debug\vpx\vpx_dsp_bitreader_buffer.obj
e:\huydna\libvpx\win32\debug\vpx\vpx_dsp_intrapred.obj
e:\huydna\libvpx\win32\debug\vpx\vpx_dsp_vpx_convolve.obj
e:\huydna\libvpx\win32\debug\vpx\vpx_dsp_x86_vpx_asm_stubs.obj
e:\huydna\libvpx\win32\debug\vpx\vpx_dsp_x86_vpx_subpixel_8t_intrin_avx2.obj
e:\huydna\libvpx\win32\debug\vpx\vpx_dsp_x86_vpx_subpixel_8t_intrin_ssse3.obj
e:\huydna\libvpx\win32\debug\vpx\vpx_dsp_loopfilter.obj
e:\huydna\libvpx\win32\debug\vpx\vpx_dsp_x86_loopfilter_sse2.obj
e:\huydna\libvpx\win32\debug\vpx\vpx_dsp_x86_loopfilter_avx2.obj
e:\huydna\libvpx\win32\debug\vpx\vpx_dsp_fwd_txfm.obj
e:\huydna\libvpx\win32\debug\vpx\vpx_dsp_x86_fwd_txfm_sse2.obj
e:\huydna\libvpx\win32\debug\vpx\vpx_dsp_x86_fwd_txfm_avx2.obj
e:\huydna\libvpx\win32\debug\vpx\vpx_dsp_inv_txfm.obj
e:\huydna\libvpx\win32\debug\vpx\vpx_dsp_x86_inv_txfm_sse2.obj
e:\huydna\libvpx\win32\debug\vpx\vpx_dsp_quantize.obj
e:\huydna\libvpx\win32\debug\vpx\vpx_dsp_x86_quantize_sse2.obj
e:\huydna\libvpx\win32\debug\vpx\vpx_dsp_sad.obj
e:\huydna\libvpx\win32\debug\vpx\vpx_dsp_subtract.obj
e:\huydna\libvpx\win32\debug\vpx\vpx_dsp_x86_sad4d_avx2.obj
e:\huydna\libvpx\win32\debug\vpx\vpx_dsp_x86_sad_avx2.obj
e:\huydna\libvpx\win32\debug\vpx\vpx_dsp_variance.obj
e:\huydna\libvpx\win32\debug\vpx\vpx_dsp_x86_variance_mmx.obj
e:\huydna\libvpx\win32\debug\vpx\vpx_dsp_x86_variance_sse2.obj
e:\huydna\libvpx\win32\debug\vpx\vpx_dsp_x86_variance_avx2.obj
e:\huydna\libvpx\win32\debug\vpx\vpx_dsp_x86_variance_impl_avx2.obj
e:\huydna\libvpx\win32\debug\vpx\vpx_dsp_vpx_dsp_rtcd.obj
e:\huydna\libvpx\win32\debug\vpx\vpx_util_vpx_thread.obj
e:\huydna\libvpx\win32\debug\vpx\vp8_common_alloccommon.obj
e:\huydna\libvpx\win32\debug\vpx\vp8_common_blockd.obj
e:\huydna\libvpx\win32\debug\vpx\vp8_common_copy_c.obj
e:\huydna\libvpx\win32\debug\vpx\vp8_common_debugmodes.obj
e:\huydna\libvpx\win32\debug\vpx\vp8_common_dequantize.obj
e:\huydna\libvpx\win32\debug\vpx\vp8_common_entropy.obj
e:\huydna\libvpx\win32\debug\vpx\vp8_common_entropymode.obj
e:\huydna\libvpx\win32\debug\vpx\vp8_common_entropymv.obj
e:\huydna\libvpx\win32\debug\vpx\vp8_common_extend.obj
e:\huydna\libvpx\win32\debug\vpx\vp8_common_filter.obj
e:\huydna\libvpx\win32\debug\vpx\vp8_common_findnearmv.obj
e:\huydna\libvpx\win32\debug\vpx\vp8_common_generic_systemdependent.obj
e:\huydna\libvpx\win32\debug\vpx\vp8_common_idct_blk.obj
e:\huydna\libvpx\win32\debug\vpx\vp8_common_idctllm.obj
e:\huydna\libvpx\win32\debug\vpx\vp8_common_rtcd.obj
e:\huydna\libvpx\win32\debug\vpx\vp8_common_vp8_loopfilter.obj
e:\huydna\libvpx\win32\debug\vpx\vp8_common_loopfilter_filters.obj
e:\huydna\libvpx\win32\debug\vpx\vp8_common_mbpitch.obj
e:\huydna\libvpx\win32\debug\vpx\vp8_common_modecont.obj
e:\huydna\libvpx\win32\debug\vpx\vp8_common_quant_common.obj
e:\huydna\libvpx\win32\debug\vpx\vp8_common_reconinter.obj
e:\huydna\libvpx\win32\debug\vpx\vp8_common_reconintra.obj
e:\huydna\libvpx\win32\debug\vpx\vp8_common_reconintra4x4.obj
e:\huydna\libvpx\win32\debug\vpx\vp8_common_setupintrarecon.obj
e:\huydna\libvpx\win32\debug\vpx\vp8_common_swapyv12buffer.obj
e:\huydna\libvpx\win32\debug\vpx\vp8_common_treecoder.obj
e:\huydna\libvpx\win32\debug\vpx\vp8_common_x86_filter_x86.obj
e:\huydna\libvpx\win32\debug\vpx\vp8_common_x86_vp8_asm_stubs.obj
e:\huydna\libvpx\win32\debug\vpx\vp8_common_x86_loopfilter_x86.obj
e:\huydna\libvpx\win32\debug\vpx\vp8_common_mfqe.obj
e:\huydna\libvpx\win32\debug\vpx\vp8_common_postproc.obj
e:\huydna\libvpx\win32\debug\vpx\vp8_common_x86_idct_blk_mmx.obj
e:\huydna\libvpx\win32\debug\vpx\vp8_common_x86_idct_blk_sse2.obj
e:\huydna\libvpx\win32\debug\vpx\vp8_common_x86_recon_wrapper_sse2.obj
e:\huydna\libvpx\win32\debug\vpx\vp8_vp8_cx_iface.obj
e:\huydna\libvpx\win32\debug\vpx\vp8_encoder_bitstream.obj
e:\huydna\libvpx\win32\debug\vpx\vp8_encoder_boolhuff.obj
e:\huydna\libvpx\win32\debug\vpx\vp8_encoder_dct.obj
e:\huydna\libvpx\win32\debug\vpx\vp8_encoder_encodeframe.obj
e:\huydna\libvpx\win32\debug\vpx\vp8_encoder_encodeintra.obj
e:\huydna\libvpx\win32\debug\vpx\vp8_encoder_encodemb.obj
e:\huydna\libvpx\win32\debug\vpx\vp8_encoder_encodemv.obj
e:\huydna\libvpx\win32\debug\vpx\vp8_encoder_ethreading.obj
e:\huydna\libvpx\win32\debug\vpx\vp8_encoder_firstpass.obj
e:\huydna\libvpx\win32\debug\vpx\vp8_encoder_denoising.obj
e:\huydna\libvpx\win32\debug\vpx\vp8_encoder_lookahead.obj
e:\huydna\libvpx\win32\debug\vpx\vp8_encoder_mcomp.obj
e:\huydna\libvpx\win32\debug\vpx\vp8_encoder_modecosts.obj
e:\huydna\libvpx\win32\debug\vpx\vp8_encoder_onyx_if.obj
e:\huydna\libvpx\win32\debug\vpx\vp8_encoder_pickinter.obj
e:\huydna\libvpx\win32\debug\vpx\vp8_encoder_picklpf.obj
e:\huydna\libvpx\win32\debug\vpx\vp8_encoder_vp8_quantize.obj
e:\huydna\libvpx\win32\debug\vpx\vp8_encoder_ratectrl.obj
e:\huydna\libvpx\win32\debug\vpx\vp8_encoder_rdopt.obj
e:\huydna\libvpx\win32\debug\vpx\vp8_encoder_segmentation.obj
e:\huydna\libvpx\win32\debug\vpx\vp8_encoder_tokenize.obj
e:\huydna\libvpx\win32\debug\vpx\vp8_encoder_treewriter.obj
e:\huydna\libvpx\win32\debug\vpx\vp8_encoder_temporal_filter.obj
e:\huydna\libvpx\win32\debug\vpx\vp8_encoder_x86_vp8_enc_stubs_mmx.obj
e:\huydna\libvpx\win32\debug\vpx\vp8_encoder_x86_vp8_quantize_sse2.obj
e:\huydna\libvpx\win32\debug\vpx\vp8_encoder_x86_quantize_ssse3.obj
e:\huydna\libvpx\win32\debug\vpx\vp8_encoder_x86_quantize_sse4.obj
e:\huydna\libvpx\win32\debug\vpx\vp8_encoder_x86_denoising_sse2.obj
e:\huydna\libvpx\win32\debug\vpx\vp8_encoder_x86_vp8_enc_stubs_sse2.obj
e:\huydna\libvpx\win32\debug\vpx\vp8_vp8_dx_iface.obj
e:\huydna\libvpx\win32\debug\vpx\vp8_decoder_dboolhuff.obj
e:\huydna\libvpx\win32\debug\vpx\vp8_decoder_decodemv.obj
e:\huydna\libvpx\win32\debug\vpx\vp8_decoder_decodeframe.obj
e:\huydna\libvpx\win32\debug\vpx\vp8_decoder_detokenize.obj
e:\huydna\libvpx\win32\debug\vpx\vp8_decoder_onyxd_if.obj
e:\huydna\libvpx\win32\debug\vpx\vp8_decoder_threading.obj
e:\huydna\libvpx\win32\debug\vpx\vp9_common_vp9_alloccommon.obj
e:\huydna\libvpx\win32\debug\vpx\vp9_common_vp9_blockd.obj
e:\huydna\libvpx\win32\debug\vpx\vp9_common_vp9_debugmodes.obj
e:\huydna\libvpx\win32\debug\vpx\vp9_common_vp9_entropy.obj
e:\huydna\libvpx\win32\debug\vpx\vp9_common_vp9_entropymode.obj
e:\huydna\libvpx\win32\debug\vpx\vp9_common_vp9_entropymv.obj
e:\huydna\libvpx\win32\debug\vpx\vp9_common_vp9_frame_buffers.obj
e:\huydna\libvpx\win32\debug\vpx\vp9_common_vp9_idct.obj
e:\huydna\libvpx\win32\debug\vpx\vp9_common_vp9_filter.obj
e:\huydna\libvpx\win32\debug\vpx\vp9_common_vp9_pred_common.obj
e:\huydna\libvpx\win32\debug\vpx\vp9_common_vp9_rtcd.obj
e:\huydna\libvpx\win32\debug\vpx\vp9_common_vp9_scale.obj
e:\huydna\libvpx\win32\debug\vpx\vp9_common_vp9_seg_common.obj
e:\huydna\libvpx\win32\debug\vpx\vp9_common_vp9_tile_common.obj
e:\huydna\libvpx\win32\debug\vpx\vp9_common_vp9_loopfilter.obj
e:\huydna\libvpx\win32\debug\vpx\vp9_common_vp9_thread_common.obj
e:\huydna\libvpx\win32\debug\vpx\vp9_common_vp9_mvref_common.obj
e:\huydna\libvpx\win32\debug\vpx\vp9_common_vp9_quant_common.obj
e:\huydna\libvpx\win32\debug\vpx\vp9_common_vp9_reconinter.obj
e:\huydna\libvpx\win32\debug\vpx\vp9_common_vp9_reconintra.obj
e:\huydna\libvpx\win32\debug\vpx\vp9_common_vp9_common_data.obj
e:\huydna\libvpx\win32\debug\vpx\vp9_common_vp9_scan.obj
e:\huydna\libvpx\win32\debug\vpx\vp9_common_x86_vp9_idct_intrin_sse2.obj
e:\huydna\libvpx\win32\debug\vpx\vp9_vp9_cx_iface.obj
e:\huydna\libvpx\win32\debug\vpx\vp9_encoder_vp9_avg.obj
e:\huydna\libvpx\win32\debug\vpx\vp9_encoder_vp9_bitstream.obj
e:\huydna\libvpx\win32\debug\vpx\vp9_encoder_vp9_context_tree.obj
e:\huydna\libvpx\win32\debug\vpx\vp9_encoder_vp9_cost.obj
e:\huydna\libvpx\win32\debug\vpx\vp9_encoder_vp9_dct.obj
e:\huydna\libvpx\win32\debug\vpx\vp9_encoder_vp9_encodeframe.obj
e:\huydna\libvpx\win32\debug\vpx\vp9_encoder_vp9_encodemb.obj
e:\huydna\libvpx\win32\debug\vpx\vp9_encoder_vp9_encodemv.obj
e:\huydna\libvpx\win32\debug\vpx\vp9_encoder_vp9_ethread.obj
e:\huydna\libvpx\win32\debug\vpx\vp9_encoder_vp9_extend.obj
e:\huydna\libvpx\win32\debug\vpx\vp9_encoder_vp9_firstpass.obj
e:\huydna\libvpx\win32\debug\vpx\vp9_encoder_vp9_lookahead.obj
e:\huydna\libvpx\win32\debug\vpx\vp9_encoder_vp9_mcomp.obj
e:\huydna\libvpx\win32\debug\vpx\vp9_encoder_vp9_encoder.obj
e:\huydna\libvpx\win32\debug\vpx\vp9_encoder_vp9_picklpf.obj
e:\huydna\libvpx\win32\debug\vpx\vp9_encoder_vp9_quantize.obj
e:\huydna\libvpx\win32\debug\vpx\vp9_encoder_vp9_ratectrl.obj
e:\huydna\libvpx\win32\debug\vpx\vp9_encoder_vp9_rd.obj
e:\huydna\libvpx\win32\debug\vpx\vp9_encoder_vp9_rdopt.obj
e:\huydna\libvpx\win32\debug\vpx\vp9_encoder_vp9_pickmode.obj
e:\huydna\libvpx\win32\debug\vpx\vp9_encoder_vp9_segmentation.obj
e:\huydna\libvpx\win32\debug\vpx\vp9_encoder_vp9_speed_features.obj
e:\huydna\libvpx\win32\debug\vpx\vp9_encoder_vp9_subexp.obj
e:\huydna\libvpx\win32\debug\vpx\vp9_encoder_vp9_svc_layercontext.obj
e:\huydna\libvpx\win32\debug\vpx\vp9_encoder_vp9_resize.obj
e:\huydna\libvpx\win32\debug\vpx\vp9_encoder_vp9_tokenize.obj
e:\huydna\libvpx\win32\debug\vpx\vp9_encoder_vp9_treewriter.obj
e:\huydna\libvpx\win32\debug\vpx\vp9_encoder_vp9_aq_variance.obj
e:\huydna\libvpx\win32\debug\vpx\vp9_encoder_vp9_aq_cyclicrefresh.obj
e:\huydna\libvpx\win32\debug\vpx\vp9_encoder_vp9_aq_complexity.obj
e:\huydna\libvpx\win32\debug\vpx\vp9_encoder_vp9_skin_detection.obj
e:\huydna\libvpx\win32\debug\vpx\vp9_encoder_vp9_temporal_filter.obj
e:\huydna\libvpx\win32\debug\vpx\vp9_encoder_vp9_mbgraph.obj
e:\huydna\libvpx\win32\debug\vpx\vp9_encoder_x86_vp9_avg_intrin_sse2.obj
e:\huydna\libvpx\win32\debug\vpx\vp9_encoder_x86_vp9_quantize_sse2.obj
e:\huydna\libvpx\win32\debug\vpx\vp9_encoder_x86_vp9_dct_sse2.obj
e:\huydna\libvpx\win32\debug\vpx\vp9_encoder_x86_vp9_dct_ssse3.obj
e:\huydna\libvpx\win32\debug\vpx\vp9_encoder_x86_vp9_error_intrin_avx2.obj
e:\huydna\libvpx\win32\debug\vpx\vp9_vp9_dx_iface.obj
e:\huydna\libvpx\win32\debug\vpx\vp9_decoder_vp9_decodemv.obj
e:\huydna\libvpx\win32\debug\vpx\vp9_decoder_vp9_decodeframe.obj
e:\huydna\libvpx\win32\debug\vpx\vp9_decoder_vp9_detokenize.obj
e:\huydna\libvpx\win32\debug\vpx\vp9_decoder_vp9_dthread.obj
e:\huydna\libvpx\win32\debug\vpx\vp9_decoder_vp9_decoder.obj
e:\huydna\libvpx\win32\debug\vpx\vp9_decoder_vp9_dsubexp.obj
e:\huydna\libvpx\win32\debug\vpx\vpx_config.obj
e:\huydna\libvpx\win32\debug\vpx\vpx_ports_emms_asm.obj
e:\huydna\libvpx\win32\debug\vpx\vpx_dsp_x86_intrapred_sse2_asm.obj
e:\huydna\libvpx\win32\debug\vpx\vpx_dsp_x86_intrapred_ssse3_asm.obj
e:\huydna\libvpx\win32\debug\vpx\vpx_dsp_x86_vpx_subpixel_8t_sse2_asm.obj
e:\huydna\libvpx\win32\debug\vpx\vpx_dsp_x86_vpx_subpixel_bilinear_sse2_asm.obj
e:\huydna\libvpx\win32\debug\vpx\vpx_dsp_x86_vpx_subpixel_8t_ssse3_asm.obj
e:\huydna\libvpx\win32\debug\vpx\vpx_dsp_x86_vpx_subpixel_bilinear_ssse3_asm.obj
e:\huydna\libvpx\win32\debug\vpx\vpx_dsp_x86_vpx_convolve_copy_sse2_asm.obj
e:\huydna\libvpx\win32\debug\vpx\vpx_dsp_x86_loopfilter_mmx_asm.obj
e:\huydna\libvpx\win32\debug\vpx\vpx_dsp_x86_inv_wht_sse2_asm.obj
e:\huydna\libvpx\win32\debug\vpx\vpx_dsp_x86_sad_mmx_asm.obj
e:\huydna\libvpx\win32\debug\vpx\vpx_dsp_x86_sad_sse3_asm.obj
e:\huydna\libvpx\win32\debug\vpx\vpx_dsp_x86_sad_ssse3_asm.obj
e:\huydna\libvpx\win32\debug\vpx\vpx_dsp_x86_sad_sse4_asm.obj
e:\huydna\libvpx\win32\debug\vpx\vpx_dsp_x86_sad4d_sse2_asm.obj
e:\huydna\libvpx\win32\debug\vpx\vpx_dsp_x86_sad_sse2_asm.obj
e:\huydna\libvpx\win32\debug\vpx\vpx_dsp_x86_subtract_sse2_asm.obj
e:\huydna\libvpx\win32\debug\vpx\vpx_dsp_x86_variance_impl_mmx_asm.obj
e:\huydna\libvpx\win32\debug\vpx\vpx_dsp_x86_subpel_variance_sse2_asm.obj
e:\huydna\libvpx\win32\debug\vpx\vp8_common_x86_dequantize_mmx_asm.obj
e:\huydna\libvpx\win32\debug\vpx\vp8_common_x86_idctllm_mmx_asm.obj
e:\huydna\libvpx\win32\debug\vpx\vp8_common_x86_iwalsh_mmx_asm.obj
e:\huydna\libvpx\win32\debug\vpx\vp8_common_x86_vp8_loopfilter_mmx_asm.obj
e:\huydna\libvpx\win32\debug\vpx\vp8_common_x86_recon_mmx_asm.obj
e:\huydna\libvpx\win32\debug\vpx\vp8_common_x86_subpixel_mmx_asm.obj
e:\huydna\libvpx\win32\debug\vpx\vp8_common_x86_copy_sse2_asm.obj
e:\huydna\libvpx\win32\debug\vpx\vp8_common_x86_idctllm_sse2_asm.obj
e:\huydna\libvpx\win32\debug\vpx\vp8_common_x86_recon_sse2_asm.obj
e:\huydna\libvpx\win32\debug\vpx\vp8_common_x86_subpixel_sse2_asm.obj
e:\huydna\libvpx\win32\debug\vpx\vp8_common_x86_loopfilter_sse2_asm.obj
e:\huydna\libvpx\win32\debug\vpx\vp8_common_x86_iwalsh_sse2_asm.obj
e:\huydna\libvpx\win32\debug\vpx\vp8_common_x86_copy_sse3_asm.obj
e:\huydna\libvpx\win32\debug\vpx\vp8_common_x86_subpixel_ssse3_asm.obj
e:\huydna\libvpx\win32\debug\vpx\vp8_common_x86_postproc_mmx_asm.obj
e:\huydna\libvpx\win32\debug\vpx\vp8_common_x86_mfqe_sse2_asm.obj
e:\huydna\libvpx\win32\debug\vpx\vp8_common_x86_postproc_sse2_asm.obj
e:\huydna\libvpx\win32\debug\vpx\vp8_encoder_x86_dct_mmx_asm.obj
e:\huydna\libvpx\win32\debug\vpx\vp8_encoder_x86_dct_sse2_asm.obj
e:\huydna\libvpx\win32\debug\vpx\vp8_encoder_x86_fwalsh_sse2_asm.obj
e:\huydna\libvpx\win32\debug\vpx\vp8_encoder_x86_temporal_filter_apply_sse2_asm.obj
e:\huydna\libvpx\win32\debug\vpx\vp8_encoder_x86_quantize_mmx_asm.obj
e:\huydna\libvpx\win32\debug\vpx\vp8_encoder_x86_encodeopt_asm.obj
e:\huydna\libvpx\win32\debug\vpx\vp9_encoder_x86_vp9_temporal_filter_apply_sse2_asm.obj
e:\huydna\libvpx\win32\debug\vpx\vp9_encoder_x86_vp9_dct_mmx_asm.obj
e:\huydna\libvpx\win32\debug\vpx\vp9_encoder_x86_vp9_error_sse2_asm.obj
e:\huydna\libvpx\win32\debug\vpxmdd.lib
e:\backup_linphone\voxypad_base64_remove_voxencrypt\voxypad_20143110\libvpx\win32\debug\vpx\vp8_common_alloccommon.obj
e:\backup_linphone\voxypad_base64_remove_voxencrypt\voxypad_20143110\libvpx\win32\debug\vpx\vp8_common_blockd.obj
e:\backup_linphone\voxypad_base64_remove_voxencrypt\voxypad_20143110\libvpx\win32\debug\vpx\vp8_common_copy_c.obj
e:\backup_linphone\voxypad_base64_remove_voxencrypt\voxypad_20143110\libvpx\win32\debug\vpx\vp8_common_debugmodes.obj
e:\backup_linphone\voxypad_base64_remove_voxencrypt\voxypad_20143110\libvpx\win32\debug\vpx\vp8_common_dequantize.obj
e:\backup_linphone\voxypad_base64_remove_voxencrypt\voxypad_20143110\libvpx\win32\debug\vpx\vp8_common_entropy.obj
e:\backup_linphone\voxypad_base64_remove_voxencrypt\voxypad_20143110\libvpx\win32\debug\vpx\vp8_common_entropymode.obj
e:\backup_linphone\voxypad_base64_remove_voxencrypt\voxypad_20143110\libvpx\win32\debug\vpx\vp8_common_entropymv.obj
e:\backup_linphone\voxypad_base64_remove_voxencrypt\voxypad_20143110\libvpx\win32\debug\vpx\vp8_common_extend.obj
e:\backup_linphone\voxypad_base64_remove_voxencrypt\voxypad_20143110\libvpx\win32\debug\vpx\vp8_common_filter.obj
e:\backup_linphone\voxypad_base64_remove_voxencrypt\voxypad_20143110\libvpx\win32\debug\vpx\vp8_common_findnearmv.obj
e:\backup_linphone\voxypad_base64_remove_voxencrypt\voxypad_20143110\libvpx\win32\debug\vpx\vp8_common_generic_systemdependent.obj
e:\backup_linphone\voxypad_base64_remove_voxencrypt\voxypad_20143110\libvpx\win32\debug\vpx\vp8_common_idctllm.obj
e:\backup_linphone\voxypad_base64_remove_voxencrypt\voxypad_20143110\libvpx\win32\debug\vpx\vp8_common_idct_blk.obj
e:\backup_linphone\voxypad_base64_remove_voxencrypt\voxypad_20143110\libvpx\win32\debug\vpx\vp8_common_loopfilter_filters.obj
e:\backup_linphone\voxypad_base64_remove_voxencrypt\voxypad_20143110\libvpx\win32\debug\vpx\vp8_common_mbpitch.obj
e:\backup_linphone\voxypad_base64_remove_voxencrypt\voxypad_20143110\libvpx\win32\debug\vpx\vp8_common_mfqe.obj
e:\backup_linphone\voxypad_base64_remove_voxencrypt\voxypad_20143110\libvpx\win32\debug\vpx\vp8_common_modecont.obj
e:\backup_linphone\voxypad_base64_remove_voxencrypt\voxypad_20143110\libvpx\win32\debug\vpx\vp8_common_postproc.obj
e:\backup_linphone\voxypad_base64_remove_voxencrypt\voxypad_20143110\libvpx\win32\debug\vpx\vp8_common_quant_common.obj
e:\backup_linphone\voxypad_base64_remove_voxencrypt\voxypad_20143110\libvpx\win32\debug\vpx\vp8_common_reconinter.obj
e:\backup_linphone\voxypad_base64_remove_voxencrypt\voxypad_20143110\libvpx\win32\debug\vpx\vp8_common_reconintra.obj
e:\backup_linphone\voxypad_base64_remove_voxencrypt\voxypad_20143110\libvpx\win32\debug\vpx\vp8_common_reconintra4x4.obj
e:\backup_linphone\voxypad_base64_remove_voxencrypt\voxypad_20143110\libvpx\win32\debug\vpx\vp8_common_rtcd.obj
e:\backup_linphone\voxypad_base64_remove_voxencrypt\voxypad_20143110\libvpx\win32\debug\vpx\vp8_common_setupintrarecon.obj
e:\backup_linphone\voxypad_base64_remove_voxencrypt\voxypad_20143110\libvpx\win32\debug\vpx\vp8_common_swapyv12buffer.obj
e:\backup_linphone\voxypad_base64_remove_voxencrypt\voxypad_20143110\libvpx\win32\debug\vpx\vp8_common_treecoder.obj
e:\backup_linphone\voxypad_base64_remove_voxencrypt\voxypad_20143110\libvpx\win32\debug\vpx\vp8_common_vp8_loopfilter.obj
e:\backup_linphone\voxypad_base64_remove_voxencrypt\voxypad_20143110\libvpx\win32\debug\vpx\vp8_common_x86_copy_sse2_asm.obj
e:\backup_linphone\voxypad_base64_remove_voxencrypt\voxypad_20143110\libvpx\win32\debug\vpx\vp8_common_x86_copy_sse3_asm.obj
e:\backup_linphone\voxypad_base64_remove_voxencrypt\voxypad_20143110\libvpx\win32\debug\vpx\vp8_common_x86_dequantize_mmx_asm.obj
e:\backup_linphone\voxypad_base64_remove_voxencrypt\voxypad_20143110\libvpx\win32\debug\vpx\vp8_common_x86_filter_x86.obj
e:\backup_linphone\voxypad_base64_remove_voxencrypt\voxypad_20143110\libvpx\win32\debug\vpx\vp8_common_x86_idctllm_mmx_asm.obj
e:\backup_linphone\voxypad_base64_remove_voxencrypt\voxypad_20143110\libvpx\win32\debug\vpx\vp8_common_x86_idctllm_sse2_asm.obj
e:\backup_linphone\voxypad_base64_remove_voxencrypt\voxypad_20143110\libvpx\win32\debug\vpx\vp8_common_x86_idct_blk_mmx.obj
e:\backup_linphone\voxypad_base64_remove_voxencrypt\voxypad_20143110\libvpx\win32\debug\vpx\vp8_common_x86_idct_blk_sse2.obj
e:\backup_linphone\voxypad_base64_remove_voxencrypt\voxypad_20143110\libvpx\win32\debug\vpx\vp8_common_x86_iwalsh_mmx_asm.obj
e:\backup_linphone\voxypad_base64_remove_voxencrypt\voxypad_20143110\libvpx\win32\debug\vpx\vp8_common_x86_iwalsh_sse2_asm.obj
e:\backup_linphone\voxypad_base64_remove_voxencrypt\voxypad_20143110\libvpx\win32\debug\vpx\vp8_common_x86_loopfilter_sse2_asm.obj
e:\backup_linphone\voxypad_base64_remove_voxencrypt\voxypad_20143110\libvpx\win32\debug\vpx\vp8_common_x86_loopfilter_x86.obj
e:\backup_linphone\voxypad_base64_remove_voxencrypt\voxypad_20143110\libvpx\win32\debug\vpx\vp8_common_x86_mfqe_sse2_asm.obj
e:\backup_linphone\voxypad_base64_remove_voxencrypt\voxypad_20143110\libvpx\win32\debug\vpx\vp8_common_x86_postproc_mmx_asm.obj
e:\backup_linphone\voxypad_base64_remove_voxencrypt\voxypad_20143110\libvpx\win32\debug\vpx\vp8_common_x86_postproc_sse2_asm.obj
e:\backup_linphone\voxypad_base64_remove_voxencrypt\voxypad_20143110\libvpx\win32\debug\vpx\vp8_common_x86_recon_mmx_asm.obj
e:\backup_linphone\voxypad_base64_remove_voxencrypt\voxypad_20143110\libvpx\win32\debug\vpx\vp8_common_x86_recon_sse2_asm.obj
e:\backup_linphone\voxypad_base64_remove_voxencrypt\voxypad_20143110\libvpx\win32\debug\vpx\vp8_common_x86_recon_wrapper_sse2.obj
e:\backup_linphone\voxypad_base64_remove_voxencrypt\voxypad_20143110\libvpx\win32\debug\vpx\vp8_common_x86_subpixel_mmx_asm.obj
e:\backup_linphone\voxypad_base64_remove_voxencrypt\voxypad_20143110\libvpx\win32\debug\vpx\vp8_common_x86_subpixel_sse2_asm.obj
e:\backup_linphone\voxypad_base64_remove_voxencrypt\voxypad_20143110\libvpx\win32\debug\vpx\vp8_common_x86_subpixel_ssse3_asm.obj
e:\backup_linphone\voxypad_base64_remove_voxencrypt\voxypad_20143110\libvpx\win32\debug\vpx\vp8_common_x86_vp8_asm_stubs.obj
e:\backup_linphone\voxypad_base64_remove_voxencrypt\voxypad_20143110\libvpx\win32\debug\vpx\vp8_common_x86_vp8_loopfilter_mmx_asm.obj
e:\backup_linphone\voxypad_base64_remove_voxencrypt\voxypad_20143110\libvpx\win32\debug\vpx\vp8_decoder_dboolhuff.obj
e:\backup_linphone\voxypad_base64_remove_voxencrypt\voxypad_20143110\libvpx\win32\debug\vpx\vp8_decoder_decodeframe.obj
e:\backup_linphone\voxypad_base64_remove_voxencrypt\voxypad_20143110\libvpx\win32\debug\vpx\vp8_decoder_decodemv.obj
e:\backup_linphone\voxypad_base64_remove_voxencrypt\voxypad_20143110\libvpx\win32\debug\vpx\vp8_decoder_detokenize.obj
e:\backup_linphone\voxypad_base64_remove_voxencrypt\voxypad_20143110\libvpx\win32\debug\vpx\vp8_decoder_onyxd_if.obj
e:\backup_linphone\voxypad_base64_remove_voxencrypt\voxypad_20143110\libvpx\win32\debug\vpx\vp8_decoder_threading.obj
e:\backup_linphone\voxypad_base64_remove_voxencrypt\voxypad_20143110\libvpx\win32\debug\vpx\vp8_encoder_bitstream.obj
e:\backup_linphone\voxypad_base64_remove_voxencrypt\voxypad_20143110\libvpx\win32\debug\vpx\vp8_encoder_boolhuff.obj
e:\backup_linphone\voxypad_base64_remove_voxencrypt\voxypad_20143110\libvpx\win32\debug\vpx\vp8_encoder_dct.obj
e:\backup_linphone\voxypad_base64_remove_voxencrypt\voxypad_20143110\libvpx\win32\debug\vpx\vp8_encoder_denoising.obj
e:\backup_linphone\voxypad_base64_remove_voxencrypt\voxypad_20143110\libvpx\win32\debug\vpx\vp8_encoder_encodeframe.obj
e:\backup_linphone\voxypad_base64_remove_voxencrypt\voxypad_20143110\libvpx\win32\debug\vpx\vp8_encoder_encodeintra.obj
e:\backup_linphone\voxypad_base64_remove_voxencrypt\voxypad_20143110\libvpx\win32\debug\vpx\vp8_encoder_encodemb.obj
e:\backup_linphone\voxypad_base64_remove_voxencrypt\voxypad_20143110\libvpx\win32\debug\vpx\vp8_encoder_encodemv.obj
e:\backup_linphone\voxypad_base64_remove_voxencrypt\voxypad_20143110\libvpx\win32\debug\vpx\vp8_encoder_ethreading.obj
e:\backup_linphone\voxypad_base64_remove_voxencrypt\voxypad_20143110\libvpx\win32\debug\vpx\vp8_encoder_firstpass.obj
e:\backup_linphone\voxypad_base64_remove_voxencrypt\voxypad_20143110\libvpx\win32\debug\vpx\vp8_encoder_lookahead.obj
e:\backup_linphone\voxypad_base64_remove_voxencrypt\voxypad_20143110\libvpx\win32\debug\vpx\vp8_encoder_mcomp.obj
e:\backup_linphone\voxypad_base64_remove_voxencrypt\voxypad_20143110\libvpx\win32\debug\vpx\vp8_encoder_modecosts.obj
e:\backup_linphone\voxypad_base64_remove_voxencrypt\voxypad_20143110\libvpx\win32\debug\vpx\vp8_encoder_onyx_if.obj
e:\backup_linphone\voxypad_base64_remove_voxencrypt\voxypad_20143110\libvpx\win32\debug\vpx\vp8_encoder_pickinter.obj
e:\backup_linphone\voxypad_base64_remove_voxencrypt\voxypad_20143110\libvpx\win32\debug\vpx\vp8_encoder_picklpf.obj
e:\backup_linphone\voxypad_base64_remove_voxencrypt\voxypad_20143110\libvpx\win32\debug\vpx\vp8_encoder_ratectrl.obj
e:\backup_linphone\voxypad_base64_remove_voxencrypt\voxypad_20143110\libvpx\win32\debug\vpx\vp8_encoder_rdopt.obj
e:\backup_linphone\voxypad_base64_remove_voxencrypt\voxypad_20143110\libvpx\win32\debug\vpx\vp8_encoder_segmentation.obj
e:\backup_linphone\voxypad_base64_remove_voxencrypt\voxypad_20143110\libvpx\win32\debug\vpx\vp8_encoder_temporal_filter.obj
e:\backup_linphone\voxypad_base64_remove_voxencrypt\voxypad_20143110\libvpx\win32\debug\vpx\vp8_encoder_tokenize.obj
e:\backup_linphone\voxypad_base64_remove_voxencrypt\voxypad_20143110\libvpx\win32\debug\vpx\vp8_encoder_treewriter.obj
e:\backup_linphone\voxypad_base64_remove_voxencrypt\voxypad_20143110\libvpx\win32\debug\vpx\vp8_encoder_vp8_quantize.obj
e:\backup_linphone\voxypad_base64_remove_voxencrypt\voxypad_20143110\libvpx\win32\debug\vpx\vp8_encoder_x86_dct_mmx_asm.obj
e:\backup_linphone\voxypad_base64_remove_voxencrypt\voxypad_20143110\libvpx\win32\debug\vpx\vp8_encoder_x86_dct_sse2_asm.obj
e:\backup_linphone\voxypad_base64_remove_voxencrypt\voxypad_20143110\libvpx\win32\debug\vpx\vp8_encoder_x86_denoising_sse2.obj
e:\backup_linphone\voxypad_base64_remove_voxencrypt\voxypad_20143110\libvpx\win32\debug\vpx\vp8_encoder_x86_encodeopt_asm.obj
e:\backup_linphone\voxypad_base64_remove_voxencrypt\voxypad_20143110\libvpx\win32\debug\vpx\vp8_encoder_x86_fwalsh_sse2_asm.obj
e:\backup_linphone\voxypad_base64_remove_voxencrypt\voxypad_20143110\libvpx\win32\debug\vpx\vp8_encoder_x86_quantize_mmx_asm.obj
e:\backup_linphone\voxypad_base64_remove_voxencrypt\voxypad_20143110\libvpx\win32\debug\vpx\vp8_encoder_x86_quantize_sse4.obj
e:\backup_linphone\voxypad_base64_remove_voxencrypt\voxypad_20143110\libvpx\win32\debug\vpx\vp8_encoder_x86_quantize_ssse3.obj
e:\backup_linphone\voxypad_base64_remove_voxencrypt\voxypad_20143110\libvpx\win32\debug\vpx\vp8_encoder_x86_temporal_filter_apply_sse2_asm.obj
e:\backup_linphone\voxypad_base64_remove_voxencrypt\voxypad_20143110\libvpx\win32\debug\vpx\vp8_encoder_x86_vp8_enc_stubs_mmx.obj
e:\backup_linphone\voxypad_base64_remove_voxencrypt\voxypad_20143110\libvpx\win32\debug\vpx\vp8_encoder_x86_vp8_enc_stubs_sse2.obj
e:\backup_linphone\voxypad_base64_remove_voxencrypt\voxypad_20143110\libvpx\win32\debug\vpx\vp8_encoder_x86_vp8_quantize_sse2.obj
e:\backup_linphone\voxypad_base64_remove_voxencrypt\voxypad_20143110\libvpx\win32\debug\vpx\vp8_vp8_cx_iface.obj
e:\backup_linphone\voxypad_base64_remove_voxencrypt\voxypad_20143110\libvpx\win32\debug\vpx\vp8_vp8_dx_iface.obj
e:\backup_linphone\voxypad_base64_remove_voxencrypt\voxypad_20143110\libvpx\win32\debug\vpx\vp9_common_vp9_alloccommon.obj
e:\backup_linphone\voxypad_base64_remove_voxencrypt\voxypad_20143110\libvpx\win32\debug\vpx\vp9_common_vp9_blockd.obj
e:\backup_linphone\voxypad_base64_remove_voxencrypt\voxypad_20143110\libvpx\win32\debug\vpx\vp9_common_vp9_common_data.obj
e:\backup_linphone\voxypad_base64_remove_voxencrypt\voxypad_20143110\libvpx\win32\debug\vpx\vp9_common_vp9_debugmodes.obj
e:\backup_linphone\voxypad_base64_remove_voxencrypt\voxypad_20143110\libvpx\win32\debug\vpx\vp9_common_vp9_entropy.obj
e:\backup_linphone\voxypad_base64_remove_voxencrypt\voxypad_20143110\libvpx\win32\debug\vpx\vp9_common_vp9_entropymode.obj
e:\backup_linphone\voxypad_base64_remove_voxencrypt\voxypad_20143110\libvpx\win32\debug\vpx\vp9_common_vp9_entropymv.obj
e:\backup_linphone\voxypad_base64_remove_voxencrypt\voxypad_20143110\libvpx\win32\debug\vpx\vp9_common_vp9_filter.obj
e:\backup_linphone\voxypad_base64_remove_voxencrypt\voxypad_20143110\libvpx\win32\debug\vpx\vp9_common_vp9_frame_buffers.obj
e:\backup_linphone\voxypad_base64_remove_voxencrypt\voxypad_20143110\libvpx\win32\debug\vpx\vp9_common_vp9_idct.obj
e:\backup_linphone\voxypad_base64_remove_voxencrypt\voxypad_20143110\libvpx\win32\debug\vpx\vp9_common_vp9_loopfilter.obj
e:\backup_linphone\voxypad_base64_remove_voxencrypt\voxypad_20143110\libvpx\win32\debug\vpx\vp9_common_vp9_mvref_common.obj
e:\backup_linphone\voxypad_base64_remove_voxencrypt\voxypad_20143110\libvpx\win32\debug\vpx\vp9_common_vp9_pred_common.obj
e:\backup_linphone\voxypad_base64_remove_voxencrypt\voxypad_20143110\libvpx\win32\debug\vpx\vp9_common_vp9_quant_common.obj
e:\backup_linphone\voxypad_base64_remove_voxencrypt\voxypad_20143110\libvpx\win32\debug\vpx\vp9_common_vp9_reconinter.obj
e:\backup_linphone\voxypad_base64_remove_voxencrypt\voxypad_20143110\libvpx\win32\debug\vpx\vp9_common_vp9_reconintra.obj
e:\backup_linphone\voxypad_base64_remove_voxencrypt\voxypad_20143110\libvpx\win32\debug\vpx\vp9_common_vp9_rtcd.obj
e:\backup_linphone\voxypad_base64_remove_voxencrypt\voxypad_20143110\libvpx\win32\debug\vpx\vp9_common_vp9_scale.obj
e:\backup_linphone\voxypad_base64_remove_voxencrypt\voxypad_20143110\libvpx\win32\debug\vpx\vp9_common_vp9_scan.obj
e:\backup_linphone\voxypad_base64_remove_voxencrypt\voxypad_20143110\libvpx\win32\debug\vpx\vp9_common_vp9_seg_common.obj
e:\backup_linphone\voxypad_base64_remove_voxencrypt\voxypad_20143110\libvpx\win32\debug\vpx\vp9_common_vp9_thread_common.obj
e:\backup_linphone\voxypad_base64_remove_voxencrypt\voxypad_20143110\libvpx\win32\debug\vpx\vp9_common_vp9_tile_common.obj
e:\backup_linphone\voxypad_base64_remove_voxencrypt\voxypad_20143110\libvpx\win32\debug\vpx\vp9_common_x86_vp9_idct_intrin_sse2.obj
e:\backup_linphone\voxypad_base64_remove_voxencrypt\voxypad_20143110\libvpx\win32\debug\vpx\vp9_decoder_vp9_decodeframe.obj
e:\backup_linphone\voxypad_base64_remove_voxencrypt\voxypad_20143110\libvpx\win32\debug\vpx\vp9_decoder_vp9_decodemv.obj
e:\backup_linphone\voxypad_base64_remove_voxencrypt\voxypad_20143110\libvpx\win32\debug\vpx\vp9_decoder_vp9_decoder.obj
e:\backup_linphone\voxypad_base64_remove_voxencrypt\voxypad_20143110\libvpx\win32\debug\vpx\vp9_decoder_vp9_detokenize.obj
e:\backup_linphone\voxypad_base64_remove_voxencrypt\voxypad_20143110\libvpx\win32\debug\vpx\vp9_decoder_vp9_dsubexp.obj
e:\backup_linphone\voxypad_base64_remove_voxencrypt\voxypad_20143110\libvpx\win32\debug\vpx\vp9_decoder_vp9_dthread.obj
e:\backup_linphone\voxypad_base64_remove_voxencrypt\voxypad_20143110\libvpx\win32\debug\vpx\vp9_encoder_vp9_aq_complexity.obj
e:\backup_linphone\voxypad_base64_remove_voxencrypt\voxypad_20143110\libvpx\win32\debug\vpx\vp9_encoder_vp9_aq_cyclicrefresh.obj
e:\backup_linphone\voxypad_base64_remove_voxencrypt\voxypad_20143110\libvpx\win32\debug\vpx\vp9_encoder_vp9_aq_variance.obj
e:\backup_linphone\voxypad_base64_remove_voxencrypt\voxypad_20143110\libvpx\win32\debug\vpx\vp9_encoder_vp9_avg.obj
e:\backup_linphone\voxypad_base64_remove_voxencrypt\voxypad_20143110\libvpx\win32\debug\vpx\vp9_encoder_vp9_bitstream.obj
e:\backup_linphone\voxypad_base64_remove_voxencrypt\voxypad_20143110\libvpx\win32\debug\vpx\vp9_encoder_vp9_context_tree.obj
e:\backup_linphone\voxypad_base64_remove_voxencrypt\voxypad_20143110\libvpx\win32\debug\vpx\vp9_encoder_vp9_cost.obj
e:\backup_linphone\voxypad_base64_remove_voxencrypt\voxypad_20143110\libvpx\win32\debug\vpx\vp9_encoder_vp9_dct.obj
e:\backup_linphone\voxypad_base64_remove_voxencrypt\voxypad_20143110\libvpx\win32\debug\vpx\vp9_encoder_vp9_encodeframe.obj
e:\backup_linphone\voxypad_base64_remove_voxencrypt\voxypad_20143110\libvpx\win32\debug\vpx\vp9_encoder_vp9_encodemb.obj
e:\backup_linphone\voxypad_base64_remove_voxencrypt\voxypad_20143110\libvpx\win32\debug\vpx\vp9_encoder_vp9_encodemv.obj
e:\backup_linphone\voxypad_base64_remove_voxencrypt\voxypad_20143110\libvpx\win32\debug\vpx\vp9_encoder_vp9_encoder.obj
e:\backup_linphone\voxypad_base64_remove_voxencrypt\voxypad_20143110\libvpx\win32\debug\vpx\vp9_encoder_vp9_ethread.obj
e:\backup_linphone\voxypad_base64_remove_voxencrypt\voxypad_20143110\libvpx\win32\debug\vpx\vp9_encoder_vp9_extend.obj
e:\backup_linphone\voxypad_base64_remove_voxencrypt\voxypad_20143110\libvpx\win32\debug\vpx\vp9_encoder_vp9_firstpass.obj
e:\backup_linphone\voxypad_base64_remove_voxencrypt\voxypad_20143110\libvpx\win32\debug\vpx\vp9_encoder_vp9_lookahead.obj
e:\backup_linphone\voxypad_base64_remove_voxencrypt\voxypad_20143110\libvpx\win32\debug\vpx\vp9_encoder_vp9_mbgraph.obj
e:\backup_linphone\voxypad_base64_remove_voxencrypt\voxypad_20143110\libvpx\win32\debug\vpx\vp9_encoder_vp9_mcomp.obj
e:\backup_linphone\voxypad_base64_remove_voxencrypt\voxypad_20143110\libvpx\win32\debug\vpx\vp9_encoder_vp9_picklpf.obj
e:\backup_linphone\voxypad_base64_remove_voxencrypt\voxypad_20143110\libvpx\win32\debug\vpx\vp9_encoder_vp9_pickmode.obj
e:\backup_linphone\voxypad_base64_remove_voxencrypt\voxypad_20143110\libvpx\win32\debug\vpx\vp9_encoder_vp9_quantize.obj
e:\backup_linphone\voxypad_base64_remove_voxencrypt\voxypad_20143110\libvpx\win32\debug\vpx\vp9_encoder_vp9_ratectrl.obj
e:\backup_linphone\voxypad_base64_remove_voxencrypt\voxypad_20143110\libvpx\win32\debug\vpx\vp9_encoder_vp9_rd.obj
e:\backup_linphone\voxypad_base64_remove_voxencrypt\voxypad_20143110\libvpx\win32\debug\vpx\vp9_encoder_vp9_rdopt.obj
e:\backup_linphone\voxypad_base64_remove_voxencrypt\voxypad_20143110\libvpx\win32\debug\vpx\vp9_encoder_vp9_resize.obj
e:\backup_linphone\voxypad_base64_remove_voxencrypt\voxypad_20143110\libvpx\win32\debug\vpx\vp9_encoder_vp9_segmentation.obj
e:\backup_linphone\voxypad_base64_remove_voxencrypt\voxypad_20143110\libvpx\win32\debug\vpx\vp9_encoder_vp9_skin_detection.obj
e:\backup_linphone\voxypad_base64_remove_voxencrypt\voxypad_20143110\libvpx\win32\debug\vpx\vp9_encoder_vp9_speed_features.obj
e:\backup_linphone\voxypad_base64_remove_voxencrypt\voxypad_20143110\libvpx\win32\debug\vpx\vp9_encoder_vp9_subexp.obj
e:\backup_linphone\voxypad_base64_remove_voxencrypt\voxypad_20143110\libvpx\win32\debug\vpx\vp9_encoder_vp9_svc_layercontext.obj
e:\backup_linphone\voxypad_base64_remove_voxencrypt\voxypad_20143110\libvpx\win32\debug\vpx\vp9_encoder_vp9_temporal_filter.obj
e:\backup_linphone\voxypad_base64_remove_voxencrypt\voxypad_20143110\libvpx\win32\debug\vpx\vp9_encoder_vp9_tokenize.obj
e:\backup_linphone\voxypad_base64_remove_voxencrypt\voxypad_20143110\libvpx\win32\debug\vpx\vp9_encoder_vp9_treewriter.obj
e:\backup_linphone\voxypad_base64_remove_voxencrypt\voxypad_20143110\libvpx\win32\debug\vpx\vp9_encoder_x86_vp9_avg_intrin_sse2.obj
e:\backup_linphone\voxypad_base64_remove_voxencrypt\voxypad_20143110\libvpx\win32\debug\vpx\vp9_encoder_x86_vp9_dct_mmx_asm.obj
e:\backup_linphone\voxypad_base64_remove_voxencrypt\voxypad_20143110\libvpx\win32\debug\vpx\vp9_encoder_x86_vp9_dct_sse2.obj
e:\backup_linphone\voxypad_base64_remove_voxencrypt\voxypad_20143110\libvpx\win32\debug\vpx\vp9_encoder_x86_vp9_dct_ssse3.obj
e:\backup_linphone\voxypad_base64_remove_voxencrypt\voxypad_20143110\libvpx\win32\debug\vpx\vp9_encoder_x86_vp9_error_intrin_avx2.obj
e:\backup_linphone\voxypad_base64_remove_voxencrypt\voxypad_20143110\libvpx\win32\debug\vpx\vp9_encoder_x86_vp9_error_sse2_asm.obj
e:\backup_linphone\voxypad_base64_remove_voxencrypt\voxypad_20143110\libvpx\win32\debug\vpx\vp9_encoder_x86_vp9_quantize_sse2.obj
e:\backup_linphone\voxypad_base64_remove_voxencrypt\voxypad_20143110\libvpx\win32\debug\vpx\vp9_encoder_x86_vp9_temporal_filter_apply_sse2_asm.obj
e:\backup_linphone\voxypad_base64_remove_voxencrypt\voxypad_20143110\libvpx\win32\debug\vpx\vp9_vp9_cx_iface.obj
e:\backup_linphone\voxypad_base64_remove_voxencrypt\voxypad_20143110\libvpx\win32\debug\vpx\vp9_vp9_dx_iface.obj
e:\backup_linphone\voxypad_base64_remove_voxencrypt\voxypad_20143110\libvpx\win32\debug\vpx\vpx_config.obj
e:\backup_linphone\voxypad_base64_remove_voxencrypt\voxypad_20143110\libvpx\win32\debug\vpx\vpx_dsp_bitreader.obj
e:\backup_linphone\voxypad_base64_remove_voxencrypt\voxypad_20143110\libvpx\win32\debug\vpx\vpx_dsp_bitreader_buffer.obj
e:\backup_linphone\voxypad_base64_remove_voxencrypt\voxypad_20143110\libvpx\win32\debug\vpx\vpx_dsp_bitwriter.obj
e:\backup_linphone\voxypad_base64_remove_voxencrypt\voxypad_20143110\libvpx\win32\debug\vpx\vpx_dsp_bitwriter_buffer.obj
e:\backup_linphone\voxypad_base64_remove_voxencrypt\voxypad_20143110\libvpx\win32\debug\vpx\vpx_dsp_fwd_txfm.obj
e:\backup_linphone\voxypad_base64_remove_voxencrypt\voxypad_20143110\libvpx\win32\debug\vpx\vpx_dsp_intrapred.obj
e:\backup_linphone\voxypad_base64_remove_voxencrypt\voxypad_20143110\libvpx\win32\debug\vpx\vpx_dsp_inv_txfm.obj
e:\backup_linphone\voxypad_base64_remove_voxencrypt\voxypad_20143110\libvpx\win32\debug\vpx\vpx_dsp_loopfilter.obj
e:\backup_linphone\voxypad_base64_remove_voxencrypt\voxypad_20143110\libvpx\win32\debug\vpx\vpx_dsp_prob.obj
e:\backup_linphone\voxypad_base64_remove_voxencrypt\voxypad_20143110\libvpx\win32\debug\vpx\vpx_dsp_quantize.obj
e:\backup_linphone\voxypad_base64_remove_voxencrypt\voxypad_20143110\libvpx\win32\debug\vpx\vpx_dsp_sad.obj
e:\backup_linphone\voxypad_base64_remove_voxencrypt\voxypad_20143110\libvpx\win32\debug\vpx\vpx_dsp_subtract.obj
e:\backup_linphone\voxypad_base64_remove_voxencrypt\voxypad_20143110\libvpx\win32\debug\vpx\vpx_dsp_variance.obj
e:\backup_linphone\voxypad_base64_remove_voxencrypt\voxypad_20143110\libvpx\win32\debug\vpx\vpx_dsp_vpx_convolve.obj
e:\backup_linphone\voxypad_base64_remove_voxencrypt\voxypad_20143110\libvpx\win32\debug\vpx\vpx_dsp_vpx_dsp_rtcd.obj
e:\backup_linphone\voxypad_base64_remove_voxencrypt\voxypad_20143110\libvpx\win32\debug\vpx\vpx_dsp_x86_fwd_txfm_avx2.obj
e:\backup_linphone\voxypad_base64_remove_voxencrypt\voxypad_20143110\libvpx\win32\debug\vpx\vpx_dsp_x86_fwd_txfm_sse2.obj
e:\backup_linphone\voxypad_base64_remove_voxencrypt\voxypad_20143110\libvpx\win32\debug\vpx\vpx_dsp_x86_intrapred_sse2_asm.obj
e:\backup_linphone\voxypad_base64_remove_voxencrypt\voxypad_20143110\libvpx\win32\debug\vpx\vpx_dsp_x86_intrapred_ssse3_asm.obj
e:\backup_linphone\voxypad_base64_remove_voxencrypt\voxypad_20143110\libvpx\win32\debug\vpx\vpx_dsp_x86_inv_txfm_sse2.obj
e:\backup_linphone\voxypad_base64_remove_voxencrypt\voxypad_20143110\libvpx\win32\debug\vpx\vpx_dsp_x86_inv_wht_sse2_asm.obj
e:\backup_linphone\voxypad_base64_remove_voxencrypt\voxypad_20143110\libvpx\win32\debug\vpx\vpx_dsp_x86_loopfilter_avx2.obj
e:\backup_linphone\voxypad_base64_remove_voxencrypt\voxypad_20143110\libvpx\win32\debug\vpx\vpx_dsp_x86_loopfilter_mmx_asm.obj
e:\backup_linphone\voxypad_base64_remove_voxencrypt\voxypad_20143110\libvpx\win32\debug\vpx\vpx_dsp_x86_loopfilter_sse2.obj
e:\backup_linphone\voxypad_base64_remove_voxencrypt\voxypad_20143110\libvpx\win32\debug\vpx\vpx_dsp_x86_quantize_sse2.obj
e:\backup_linphone\voxypad_base64_remove_voxencrypt\voxypad_20143110\libvpx\win32\debug\vpx\vpx_dsp_x86_sad4d_avx2.obj
e:\backup_linphone\voxypad_base64_remove_voxencrypt\voxypad_20143110\libvpx\win32\debug\vpx\vpx_dsp_x86_sad4d_sse2_asm.obj
e:\backup_linphone\voxypad_base64_remove_voxencrypt\voxypad_20143110\libvpx\win32\debug\vpx\vpx_dsp_x86_sad_avx2.obj
e:\backup_linphone\voxypad_base64_remove_voxencrypt\voxypad_20143110\libvpx\win32\debug\vpx\vpx_dsp_x86_sad_mmx_asm.obj
e:\backup_linphone\voxypad_base64_remove_voxencrypt\voxypad_20143110\libvpx\win32\debug\vpx\vpx_dsp_x86_sad_sse2_asm.obj
e:\backup_linphone\voxypad_base64_remove_voxencrypt\voxypad_20143110\libvpx\win32\debug\vpx\vpx_dsp_x86_sad_sse3_asm.obj
e:\backup_linphone\voxypad_base64_remove_voxencrypt\voxypad_20143110\libvpx\win32\debug\vpx\vpx_dsp_x86_sad_sse4_asm.obj
e:\backup_linphone\voxypad_base64_remove_voxencrypt\voxypad_20143110\libvpx\win32\debug\vpx\vpx_dsp_x86_sad_ssse3_asm.obj
e:\backup_linphone\voxypad_base64_remove_voxencrypt\voxypad_20143110\libvpx\win32\debug\vpx\vpx_dsp_x86_subpel_variance_sse2_asm.obj
e:\backup_linphone\voxypad_base64_remove_voxencrypt\voxypad_20143110\libvpx\win32\debug\vpx\vpx_dsp_x86_subtract_sse2_asm.obj
e:\backup_linphone\voxypad_base64_remove_voxencrypt\voxypad_20143110\libvpx\win32\debug\vpx\vpx_dsp_x86_variance_avx2.obj
e:\backup_linphone\voxypad_base64_remove_voxencrypt\voxypad_20143110\libvpx\win32\debug\vpx\vpx_dsp_x86_variance_impl_avx2.obj
e:\backup_linphone\voxypad_base64_remove_voxencrypt\voxypad_20143110\libvpx\win32\debug\vpx\vpx_dsp_x86_variance_impl_mmx_asm.obj
e:\backup_linphone\voxypad_base64_remove_voxencrypt\voxypad_20143110\libvpx\win32\debug\vpx\vpx_dsp_x86_variance_mmx.obj
e:\backup_linphone\voxypad_base64_remove_voxencrypt\voxypad_20143110\libvpx\win32\debug\vpx\vpx_dsp_x86_variance_sse2.obj
e:\backup_linphone\voxypad_base64_remove_voxencrypt\voxypad_20143110\libvpx\win32\debug\vpx\vpx_dsp_x86_vpx_asm_stubs.obj
e:\backup_linphone\voxypad_base64_remove_voxencrypt\voxypad_20143110\libvpx\win32\debug\vpx\vpx_dsp_x86_vpx_convolve_copy_sse2_asm.obj
e:\backup_linphone\voxypad_base64_remove_voxencrypt\voxypad_20143110\libvpx\win32\debug\vpx\vpx_dsp_x86_vpx_subpixel_8t_intrin_avx2.obj
e:\backup_linphone\voxypad_base64_remove_voxencrypt\voxypad_20143110\libvpx\win32\debug\vpx\vpx_dsp_x86_vpx_subpixel_8t_intrin_ssse3.obj
e:\backup_linphone\voxypad_base64_remove_voxencrypt\voxypad_20143110\libvpx\win32\debug\vpx\vpx_dsp_x86_vpx_subpixel_8t_sse2_asm.obj
e:\backup_linphone\voxypad_base64_remove_voxencrypt\voxypad_20143110\libvpx\win32\debug\vpx\vpx_dsp_x86_vpx_subpixel_8t_ssse3_asm.obj
e:\backup_linphone\voxypad_base64_remove_voxencrypt\voxypad_20143110\libvpx\win32\debug\vpx\vpx_dsp_x86_vpx_subpixel_bilinear_sse2_asm.obj
e:\backup_linphone\voxypad_base64_remove_voxencrypt\voxypad_20143110\libvpx\win32\debug\vpx\vpx_dsp_x86_vpx_subpixel_bilinear_ssse3_asm.obj
e:\backup_linphone\voxypad_base64_remove_voxencrypt\voxypad_20143110\libvpx\win32\debug\vpx\vpx_mem_vpx_mem.obj
e:\backup_linphone\voxypad_base64_remove_voxencrypt\voxypad_20143110\libvpx\win32\debug\vpx\vpx_ports_emms_asm.obj
e:\backup_linphone\voxypad_base64_remove_voxencrypt\voxypad_20143110\libvpx\win32\debug\vpx\vpx_scale_generic_gen_scalers.obj
e:\backup_linphone\voxypad_base64_remove_voxencrypt\voxypad_20143110\libvpx\win32\debug\vpx\vpx_scale_generic_vpx_scale.obj
e:\backup_linphone\voxypad_base64_remove_voxencrypt\voxypad_20143110\libvpx\win32\debug\vpx\vpx_scale_generic_yv12config.obj
e:\backup_linphone\voxypad_base64_remove_voxencrypt\voxypad_20143110\libvpx\win32\debug\vpx\vpx_scale_generic_yv12extend.obj
e:\backup_linphone\voxypad_base64_remove_voxencrypt\voxypad_20143110\libvpx\win32\debug\vpx\vpx_scale_vpx_scale_rtcd.obj
e:\backup_linphone\voxypad_base64_remove_voxencrypt\voxypad_20143110\libvpx\win32\debug\vpx\vpx_src_vpx_codec.obj
e:\backup_linphone\voxypad_base64_remove_voxencrypt\voxypad_20143110\libvpx\win32\debug\vpx\vpx_src_vpx_decoder.obj
e:\backup_linphone\voxypad_base64_remove_voxencrypt\voxypad_20143110\libvpx\win32\debug\vpx\vpx_src_vpx_encoder.obj
e:\backup_linphone\voxypad_base64_remove_voxencrypt\voxypad_20143110\libvpx\win32\debug\vpx\vpx_src_vpx_image.obj
e:\backup_linphone\voxypad_base64_remove_voxencrypt\voxypad_20143110\libvpx\win32\debug\vpx\vpx_src_vpx_psnr.obj
e:\backup_linphone\voxypad_base64_remove_voxencrypt\voxypad_20143110\libvpx\win32\debug\vpx\vpx_util_vpx_thread.obj
e:\backup_linphone\voxypad_base64_remove_voxencrypt\voxypad_20143110\libvpx\win32\debug\vpx\vc120.pdb
e:\backup_linphone\voxypad_base64_remove_voxencrypt\voxypad_20143110\libvpx\win32\debug\vpx\vpx.tlog\cl.command.1.tlog
e:\backup_linphone\voxypad_base64_remove_voxencrypt\voxypad_20143110\libvpx\win32\debug\vpx\vpx.tlog\cl.read.1.tlog
e:\backup_linphone\voxypad_base64_remove_voxencrypt\voxypad_20143110\libvpx\win32\debug\vpx\vpx.tlog\cl.write.1.tlog
e:\backup_linphone\voxypad_base64_remove_voxencrypt\voxypad_20143110\libvpx\win32\debug\vpx\vpx.tlog\custombuild.command.1.tlog
e:\backup_linphone\voxypad_base64_remove_voxencrypt\voxypad_20143110\libvpx\win32\debug\vpx\vpx.tlog\custombuild.read.1.tlog
e:\backup_linphone\voxypad_base64_remove_voxencrypt\voxypad_20143110\libvpx\win32\debug\vpx\vpx.tlog\custombuild.write.1.tlog
e:\backup_linphone\voxypad_base64_remove_voxencrypt\voxypad_20143110\libvpx\win32\debug\vpx\vpx.tlog\lib-link.read.1.tlog
e:\backup_linphone\voxypad_base64_remove_voxencrypt\voxypad_20143110\libvpx\win32\debug\vpx\vpx.tlog\lib-link.write.1.tlog
e:\backup_linphone\voxypad_base64_remove_voxencrypt\voxypad_20143110\libvpx\win32\debug\vpx\vpx.tlog\lib.command.1.tlog
