  error_concealment.c
  mr_dissim.c
  Generating Code...
  vpx_encoder.c
  vpx_image.c
  vpx_mem.c
  vpx_scale.c
  yv12config.c
  yv12extend.c
  gen_scalers.c
  vpx_scale_rtcd.c
  prob.c
  bitwriter.c
  bitreader.c
  intrapred.c
  vpx_convolve.c
  vpx_asm_stubs.c
  vpx_subpixel_8t_intrin_avx2.c
  vpx_subpixel_8t_intrin_ssse3.c
  loopfilter.c
  loopfilter_sse2.c
  loopfilter_avx2.c
  fwd_txfm.c
  fwd_txfm_sse2.c
  fwd_txfm_avx2.c
  inv_txfm.c
  inv_txfm_sse2.c
  quantize.c
  quantize_sse2.c
  sad.c
  subtract.c
  sad4d_avx2.c
  sad_avx2.c
  variance.c
  variance_mmx.c
  variance_sse2.c
  variance_avx2.c
  variance_impl_avx2.c
  vpx_dsp_rtcd.c
  vpx_thread.c
  alloccommon.c
  blockd.c
  debugmodes.c
  dequantize.c
  entropy.c
  entropymode.c
  extend.c
  filter.c
  findnearmv.c
  systemdependent.c
  idct_blk.c
  rtcd.c
  vp8_loopfilter.c
  loopfilter_filters.c
  mbpitch.c
  modecont.c
  quant_common.c
  reconinter.c
  reconintra.c
  reconintra4x4.c
  setupintrarecon.c
  swapyv12buffer.c
  filter_x86.c
  vp8_asm_stubs.c
  loopfilter_x86.c
  mfqe.c
  postproc.c
  idct_blk_mmx.c
  idct_blk_sse2.c
  recon_wrapper_sse2.c
  vp8_cx_iface.c
  bitstream.c
  boolhuff.c
  encodeframe.c
  encodeintra.c
  encodemb.c
  encodemv.c
  ethreading.c
  firstpass.c
  denoising.c
  lookahead.c
  mcomp.c
  modecosts.c
  onyx_if.c
  pickinter.c
  picklpf.c
  vp8_quantize.c
  ratectrl.c
  rdopt.c
  segmentation.c
  tokenize.c
  treewriter.c
  temporal_filter.c
  vp8_enc_stubs_mmx.c
  vp8_quantize_sse2.c
  quantize_ssse3.c
  quantize_sse4.c
  denoising_sse2.c
  vp8_enc_stubs_sse2.c
  vp8_dx_iface.c
  dboolhuff.c
  decodemv.c
  decodeframe.c
  detokenize.c
  onyxd_if.c
  threading.c
  vp9_alloccommon.c
  vp9_blockd.c
  vp9_debugmodes.c
  vp9_entropy.c
  vp9_entropymode.c
  vp9_entropymv.c
  vp9_frame_buffers.c
  vp9_idct.c
  vp9_filter.c
  vp9_pred_common.c
  vp9_rtcd.c
  vp9_scale.c
  vp9_seg_common.c
  vp9_tile_common.c
  vp9_loopfilter.c
  vp9_thread_common.c
  vp9_mvref_common.c
  vp9_quant_common.c
  vp9_reconinter.c
  vp9_reconintra.c
  vp9_common_data.c
  vp9_scan.c
  vp9_idct_intrin_sse2.c
  vp9_cx_iface.c
  vp9_avg.c
  vp9_bitstream.c
  vp9_context_tree.c
  vp9_cost.c
  vp9_dct.c
  vp9_encodeframe.c
  vp9_encodemb.c
  vp9_encodemv.c
  vp9_ethread.c
  vp9_extend.c
  vp9_firstpass.c
  vp9_lookahead.c
  vp9_mcomp.c
  vp9_encoder.c
  vp9_picklpf.c
  vp9_quantize.c
  vp9_ratectrl.c
  vp9_rd.c
  vp9_rdopt.c
  vp9_pickmode.c
  vp9_segmentation.c
  vp9_speed_features.c
  vp9_subexp.c
  vp9_svc_layercontext.c
  vp9_resize.c
  vp9_tokenize.c
  vp9_treewriter.c
  vp9_aq_variance.c
  vp9_aq_cyclicrefresh.c
  vp9_aq_complexity.c
  vp9_skin_detection.c
  vp9_temporal_filter.c
  vp9_mbgraph.c
  vp9_avg_intrin_sse2.c
  vp9_quantize_sse2.c
  vp9_dct_sse2.c
  vp9_dct_ssse3.c
  vp9_error_intrin_avx2.c
  vp9_dx_iface.c
  vp9_decodemv.c
  vp9_decodeframe.c
  vp9_detokenize.c
  vp9_dthread.c
  vp9_decoder.c
  vp9_dsubexp.c
  vpx.vcxproj -> E:\edoopadCodec\libvpx\SDK\Libs\Release\vpxmt.lib
