  error_concealment.c
  mr_dissim.c
  Generating Code...
  alloccommon.c
  entropy.c
  entropymode.c
  systemdependent.c
  vp8_loopfilter.c
  loopfilter_filters.c
  quant_common.c
  reconinter.c
  loopfilter_x86.c
  mfqe.c
  postproc.c
  vp8_cx_iface.c
  bitstream.c
  encodeframe.c
  encodeintra.c
  encodemb.c
  encodemv.c
  ethreading.c
  firstpass.c
  denoising.c
  mcomp.c
  modecosts.c
  onyx_if.c
  pickinter.c
  picklpf.c
  vp8_quantize.c
  ratectrl.c
  rdopt.c
  segmentation.c
  tokenize.c
  temporal_filter.c
  denoising_sse2.c
  vp8_dx_iface.c
  decodemv.c
  decodeframe.c
  detokenize.c
  onyxd_if.c
  threading.c
  vpx.vcxproj -> E:\edoopadCodec\libvpx\SDK\Libs\Debug\vpxmtd.lib
